Command line:
   tb_isim_beh.exe
     -simmode  gui
     -simrunnum  0
     -socket  1078

Sat Oct 23 16:01:02 2021


 Elaboration Time: 0.890625 sec

 Current Memory Usage: 5805.99 Meg

 Total Signals          : 16
 Total Nets             : 22
 Total Signal Drivers   : 7
 Total Blocks           : 3
 Total Primitive Blocks : 2
 Total Processes        : 9
 Total Traceable Variables  : 19
 Total Scalar Nets and Variables : 110
Total Line Count : 20

 Total Simulation Time: 0.9375 sec

 Current Memory Usage: 5805.99 Meg

Sat Oct 23 16:01:47 2021

