Command line:
   alu_tb_isim_beh.exe
     -simmode  gui
     -simrunnum  0
     -socket  1047

Tue Oct 05 21:18:57 2021


 Elaboration Time: 0.34375 sec

 Current Memory Usage: 1335.62 Meg

 Total Signals          : 20
 Total Nets             : 145
 Total Signal Drivers   : 12
 Total Blocks           : 3
 Total Primitive Blocks : 2
 Total Processes        : 16
 Total Traceable Variables  : 24
 Total Scalar Nets and Variables : 325
Total Line Count : 36

 Total Simulation Time: 792.797 sec

 Current Memory Usage: 390.435 Meg

Tue Oct 05 21:32:22 2021

