Command line:
   alu_isim_beh.exe
     -simmode  gui
     -simrunnum  0
     -socket  1043

Tue Oct 05 21:16:53 2021


 Elaboration Time: 0.3125 sec

 Current Memory Usage: 1334.37 Meg

 Total Signals          : 19
 Total Nets             : 145
 Total Signal Drivers   : 7
 Total Blocks           : 2
 Total Primitive Blocks : 2
 Total Processes        : 9
 Total Traceable Variables  : 19
 Total Scalar Nets and Variables : 257
Total Line Count : 20

 Total Simulation Time: 0.328125 sec

 Current Memory Usage: 1334.48 Meg

Tue Oct 05 21:17:04 2021

