#! /c/Source/iverilog-install/bin/vvp
:ivl_version "12.0 (devel)" "(s20150603-1110-g18392a46)";
:ivl_delay_selection "TYPICAL";
:vpi_time_precision - 12;
:vpi_module "E:\vscodeSystem\iverilog\lib\ivl\system.vpi";
:vpi_module "E:\vscodeSystem\iverilog\lib\ivl\vhdl_sys.vpi";
:vpi_module "E:\vscodeSystem\iverilog\lib\ivl\vhdl_textio.vpi";
:vpi_module "E:\vscodeSystem\iverilog\lib\ivl\v2005_math.vpi";
:vpi_module "E:\vscodeSystem\iverilog\lib\ivl\va_math.vpi";
S_00000258bfb224d0 .scope module, "hamming_encoder" "hamming_encoder" 2 21;
 .timescale -9 -12;
    .port_info 0 /INPUT 1 "clk";
    .port_info 1 /INPUT 1 "clk2";
    .port_info 2 /INPUT 1 "rst_n";
    .port_info 3 /INPUT 1 "din";
    .port_info 4 /INPUT 1 "din_valid";
    .port_info 5 /OUTPUT 1 "dout";
    .port_info 6 /OUTPUT 1 "dout_valid";
L_00000258bfb09b90 .functor BUFZ 1, v00000258bfb228e0_0, C4<0>, C4<0>, C4<0>;
L_00000258bfb533a0 .functor BUFZ 1, v00000258bfbafb20_0, C4<0>, C4<0>, C4<0>;
o00000258bfb5efd8 .functor BUFZ 1, C4<z>; HiZ drive
v00000258bfb09af0_0 .net "clk", 0 0, o00000258bfb5efd8;  0 drivers
o00000258bfb5f008 .functor BUFZ 1, C4<z>; HiZ drive
v00000258bfb0bcd0_0 .net "clk2", 0 0, o00000258bfb5f008;  0 drivers
o00000258bfb5f038 .functor BUFZ 1, C4<z>; HiZ drive
v00000258bfb0bd70_0 .net "din", 0 0, o00000258bfb5f038;  0 drivers
o00000258bfb5f068 .functor BUFZ 1, C4<z>; HiZ drive
v00000258bfb0be10_0 .net "din_valid", 0 0, o00000258bfb5f068;  0 drivers
v00000258bfb0beb0_0 .net "dout", 0 0, L_00000258bfb09b90;  1 drivers
v00000258bfb22660_0 .net "dout_valid", 0 0, L_00000258bfb533a0;  1 drivers
v00000258bfb22700_0 .var "hamming_codes", 7 0;
v00000258bfb227a0_0 .var/i "hamming_in_cnt", 31 0;
v00000258bfb22840_0 .var/i "hamming_out_cnt", 31 0;
v00000258bfb228e0_0 .var "hamming_output", 0 0;
v00000258bfbaf850_0 .var "hamming_output_valid", 0 0;
v00000258bfbafb20_0 .var "hamming_output_valid_clk2", 0 0;
v00000258bfbb0700_0 .var "hamming_temp_codes", 7 0;
v00000258bfbafe40_0 .var/i "i", 31 0;
o00000258bfb5f278 .functor BUFZ 1, C4<z>; HiZ drive
v00000258bfbb0160_0 .net "rst_n", 0 0, o00000258bfb5f278;  0 drivers
E_00000258bfb4a7b0 .event negedge, v00000258bfbb0160_0;
E_00000258bfb4a830 .event posedge, v00000258bfb0bcd0_0;
E_00000258bfb4b1f0 .event posedge, v00000258bfb09af0_0;
    .scope S_00000258bfb224d0;
T_0 ;
    %pushi/vec4 0, 0, 8;
    %store/vec4 v00000258bfbb0700_0, 0, 8;
    %pushi/vec4 0, 0, 8;
    %store/vec4 v00000258bfb22700_0, 0, 8;
    %pushi/vec4 0, 0, 32;
    %store/vec4 v00000258bfb227a0_0, 0, 32;
    %pushi/vec4 0, 0, 32;
    %store/vec4 v00000258bfb22840_0, 0, 32;
    %pushi/vec4 0, 0, 1;
    %store/vec4 v00000258bfbaf850_0, 0, 1;
    %end;
    .thread T_0;
    .scope S_00000258bfb224d0;
T_1 ;
    %wait E_00000258bfb4b1f0;
    %load/vec4 v00000258bfb0be10_0;
    %pad/u 32;
    %cmpi/e 1, 0, 32;
    %jmp/0xz  T_1.0, 4;
    %load/vec4 v00000258bfb227a0_0;
    %addi 1, 0, 32;
    %store/vec4 v00000258bfb227a0_0, 0, 32;
    %load/vec4 v00000258bfb227a0_0;
    %dup/vec4;
    %pushi/vec4 1, 0, 32;
    %cmp/u;
    %jmp/1 T_1.2, 6;
    %dup/vec4;
    %pushi/vec4 2, 0, 32;
    %cmp/u;
    %jmp/1 T_1.3, 6;
    %dup/vec4;
    %pushi/vec4 3, 0, 32;
    %cmp/u;
    %jmp/1 T_1.4, 6;
    %dup/vec4;
    %pushi/vec4 4, 0, 32;
    %cmp/u;
    %jmp/1 T_1.5, 6;
    %jmp T_1.7;
T_1.2 ;
    %load/vec4 v00000258bfb0bd70_0;
    %ix/load 4, 6, 0;
    %flag_set/imm 4, 0;
    %store/vec4 v00000258bfbb0700_0, 4, 1;
    %jmp T_1.7;
T_1.3 ;
    %load/vec4 v00000258bfb0bd70_0;
    %ix/load 4, 5, 0;
    %flag_set/imm 4, 0;
    %store/vec4 v00000258bfbb0700_0, 4, 1;
    %jmp T_1.7;
T_1.4 ;
    %load/vec4 v00000258bfb0bd70_0;
    %ix/load 4, 4, 0;
    %flag_set/imm 4, 0;
    %store/vec4 v00000258bfbb0700_0, 4, 1;
    %jmp T_1.7;
T_1.5 ;
    %load/vec4 v00000258bfb0bd70_0;
    %ix/load 4, 2, 0;
    %flag_set/imm 4, 0;
    %store/vec4 v00000258bfbb0700_0, 4, 1;
    %jmp T_1.7;
T_1.7 ;
    %pop/vec4 1;
    %load/vec4 v00000258bfb227a0_0;
    %cmpi/e 4, 0, 32;
    %jmp/0xz  T_1.8, 4;
    %load/vec4 v00000258bfbb0700_0;
    %parti/s 1, 2, 3;
    %load/vec4 v00000258bfbb0700_0;
    %parti/s 1, 4, 4;
    %xor;
    %load/vec4 v00000258bfbb0700_0;
    %parti/s 1, 6, 4;
    %xor;
    %ix/load 4, 0, 0;
    %flag_set/imm 4, 0;
    %store/vec4 v00000258bfbb0700_0, 4, 1;
    %load/vec4 v00000258bfbb0700_0;
    %parti/s 1, 2, 3;
    %load/vec4 v00000258bfbb0700_0;
    %parti/s 1, 5, 4;
    %xor;
    %load/vec4 v00000258bfbb0700_0;
    %parti/s 1, 6, 4;
    %xor;
    %ix/load 4, 1, 0;
    %flag_set/imm 4, 0;
    %store/vec4 v00000258bfbb0700_0, 4, 1;
    %load/vec4 v00000258bfbb0700_0;
    %parti/s 1, 4, 4;
    %load/vec4 v00000258bfbb0700_0;
    %parti/s 1, 5, 4;
    %xor;
    %load/vec4 v00000258bfbb0700_0;
    %parti/s 1, 6, 4;
    %xor;
    %ix/load 4, 3, 0;
    %flag_set/imm 4, 0;
    %store/vec4 v00000258bfbb0700_0, 4, 1;
    %load/vec4 v00000258bfbb0700_0;
    %parti/s 1, 0, 2;
    %load/vec4 v00000258bfbb0700_0;
    %parti/s 1, 1, 2;
    %xor;
    %load/vec4 v00000258bfbb0700_0;
    %parti/s 1, 2, 3;
    %xor;
    %load/vec4 v00000258bfbb0700_0;
    %parti/s 1, 3, 3;
    %xor;
    %load/vec4 v00000258bfbb0700_0;
    %parti/s 1, 4, 4;
    %xor;
    %load/vec4 v00000258bfbb0700_0;
    %parti/s 1, 5, 4;
    %xor;
    %load/vec4 v00000258bfbb0700_0;
    %parti/s 1, 6, 4;
    %xor;
    %ix/load 4, 7, 0;
    %flag_set/imm 4, 0;
    %store/vec4 v00000258bfbb0700_0, 4, 1;
    %pushi/vec4 0, 0, 32;
    %store/vec4 v00000258bfb227a0_0, 0, 32;
    %pushi/vec4 0, 0, 32;
    %store/vec4 v00000258bfbafe40_0, 0, 32;
T_1.10 ;
    %load/vec4 v00000258bfbafe40_0;
    %cmpi/s 8, 0, 32;
    %jmp/0xz T_1.11, 5;
    %load/vec4 v00000258bfbb0700_0;
    %load/vec4 v00000258bfbafe40_0;
    %part/s 1;
    %ix/getv/s 4, v00000258bfbafe40_0;
    %store/vec4 v00000258bfb22700_0, 4, 1;
    %load/vec4 v00000258bfbafe40_0;
    %addi 1, 0, 32;
    %store/vec4 v00000258bfbafe40_0, 0, 32;
    %jmp T_1.10;
T_1.11 ;
    %pushi/vec4 1, 0, 1;
    %store/vec4 v00000258bfbaf850_0, 0, 1;
T_1.8 ;
T_1.0 ;
    %jmp T_1;
    .thread T_1;
    .scope S_00000258bfb224d0;
T_2 ;
    %wait E_00000258bfb4a830;
    %load/vec4 v00000258bfbaf850_0;
    %store/vec4 v00000258bfbafb20_0, 0, 1;
    %load/vec4 v00000258bfbaf850_0;
    %flag_set/vec4 8;
    %jmp/0xz  T_2.0, 8;
    %load/vec4 v00000258bfb22700_0;
    %load/vec4 v00000258bfb22840_0;
    %part/s 1;
    %store/vec4 v00000258bfb228e0_0, 0, 1;
    %load/vec4 v00000258bfb22840_0;
    %cmpi/e 7, 0, 32;
    %jmp/0xz  T_2.2, 4;
    %pushi/vec4 0, 0, 1;
    %store/vec4 v00000258bfbaf850_0, 0, 1;
T_2.2 ;
    %load/vec4 v00000258bfb22840_0;
    %addi 1, 0, 32;
    %pushi/vec4 8, 0, 32;
    %mod/s;
    %store/vec4 v00000258bfb22840_0, 0, 32;
T_2.0 ;
    %jmp T_2;
    .thread T_2;
    .scope S_00000258bfb224d0;
T_3 ;
    %wait E_00000258bfb4a7b0;
    %pushi/vec4 0, 0, 32;
    %store/vec4 v00000258bfb227a0_0, 0, 32;
    %pushi/vec4 0, 0, 32;
    %store/vec4 v00000258bfb22840_0, 0, 32;
    %jmp T_3;
    .thread T_3;
# The file index is used to find the file name in the following table.
:file_names 3;
    "N/A";
    "<interactive>";
    "hamming_encoder.v";
