Release 14.7 - xst P.20131013 (nt)
Copyright (c) 1995-2013 Xilinx, Inc.  All rights reserved.
--> Parameter TMPDIR set to xst/projnav.tmp


Total REAL time to Xst completion: 0.00 secs
Total CPU time to Xst completion: 0.11 secs
 
--> Parameter xsthdpdir set to xst


Total REAL time to Xst completion: 0.00 secs
Total CPU time to Xst completion: 0.11 secs
 
--> Reading design: vending_machine_p3.prj

TABLE OF CONTENTS
  1) Synthesis Options Summary
  2) HDL Compilation
  3) Design Hierarchy Analysis
  4) HDL Analysis
  5) HDL Synthesis
     5.1) HDL Synthesis Report
  6) Advanced HDL Synthesis
     6.1) Advanced HDL Synthesis Report
  7) Low Level Synthesis
  8) Partition Report
  9) Final Report
	9.1) Device utilization summary
	9.2) Partition Resource Summary
	9.3) TIMING REPORT


=========================================================================
*                      Synthesis Options Summary                        *
=========================================================================
---- Source Parameters
Input File Name                    : "vending_machine_p3.prj"
Input Format                       : mixed
Ignore Synthesis Constraint File   : NO

---- Target Parameters
Output File Name                   : "vending_machine_p3"
Output Format                      : NGC
Target Device                      : xa3s50-4-vqg100

---- Source Options
Top Module Name                    : vending_machine_p3
Automatic FSM Extraction           : YES
FSM Encoding Algorithm             : Auto
Safe Implementation                : No
FSM Style                          : LUT
RAM Extraction                     : Yes
RAM Style                          : Auto
ROM Extraction                     : Yes
Mux Style                          : Auto
Decoder Extraction                 : YES
Priority Encoder Extraction        : Yes
Shift Register Extraction          : YES
Logical Shifter Extraction         : YES
XOR Collapsing                     : YES
ROM Style                          : Auto
Mux Extraction                     : Yes
Resource Sharing                   : YES
Asynchronous To Synchronous        : NO
Multiplier Style                   : Auto
Automatic Register Balancing       : No

---- Target Options
Add IO Buffers                     : YES
Global Maximum Fanout              : 100000
Add Generic Clock Buffer(BUFG)     : 8
Register Duplication               : YES
Slice Packing                      : YES
Optimize Instantiated Primitives   : NO
Use Clock Enable                   : Yes
Use Synchronous Set                : Yes
Use Synchronous Reset              : Yes
Pack IO Registers into IOBs        : Auto
Equivalent register Removal        : YES

---- General Options
Optimization Goal                  : Speed
Optimization Effort                : 1
Keep Hierarchy                     : No
Netlist Hierarchy                  : As_Optimized
RTL Output                         : Yes
Global Optimization                : AllClockNets
Read Cores                         : YES
Write Timing Constraints           : NO
Cross Clock Analysis               : NO
Hierarchy Separator                : /
Bus Delimiter                      : <>
Case Specifier                     : Maintain
Slice Utilization Ratio            : 100
BRAM Utilization Ratio             : 100
Verilog 2001                       : YES
Auto BRAM Packing                  : NO
Slice Utilization Ratio Delta      : 5

=========================================================================


=========================================================================
*                          HDL Compilation                              *
=========================================================================
Compiling verilog file "vending_machine_p3.v" in library work
Module <vending_machine_p3> compiled
No errors in compilation
Analysis of file <"vending_machine_p3.prj"> succeeded.
 

=========================================================================
*                     Design Hierarchy Analysis                         *
=========================================================================
Analyzing hierarchy for module <vending_machine_p3> in library <work> with parameters.
	GET05 = "001"
	GET10 = "010"
	GET15 = "011"
	IDLE = "000"


=========================================================================
*                            HDL Analysis                               *
=========================================================================
Analyzing top module <vending_machine_p3>.
	GET05 = 3'b001
	GET10 = 3'b010
	GET15 = 3'b011
	IDLE = 3'b000
Module <vending_machine_p3> is correct for synthesis.
 

=========================================================================
*                           HDL Synthesis                               *
=========================================================================

Performing bidirectional port resolution...

Synthesizing Unit <vending_machine_p3>.
    Related source file is "vending_machine_p3.v".
    Found finite state machine <FSM_0> for signal <st_cur>.
    -----------------------------------------------------------------------
    | States             | 4                                              |
    | Transitions        | 12                                             |
    | Inputs             | 2                                              |
    | Outputs            | 2                                              |
    | Clock              | clk                       (rising_edge)        |
    | Reset              | rstn                      (negative)           |
    | Reset type         | asynchronous                                   |
    | Reset State        | 000                                            |
    | Encoding           | automatic                                      |
    | Implementation     | LUT                                            |
    -----------------------------------------------------------------------
    Found 2-bit register for signal <change_r>.
    Found 1-bit register for signal <sell_r>.
    Summary:
	inferred   1 Finite State Machine(s).
	inferred   3 D-type flip-flop(s).
Unit <vending_machine_p3> synthesized.


=========================================================================
HDL Synthesis Report

Macro Statistics
# Registers                                            : 2
 1-bit register                                        : 1
 2-bit register                                        : 1

=========================================================================

=========================================================================
*                       Advanced HDL Synthesis                          *
=========================================================================

Analyzing FSM <FSM_0> for best encoding.
Optimizing FSM <st_cur/FSM> on signal <st_cur[1:2]> with gray encoding.
-------------------
 State | Encoding
-------------------
 000   | 00
 001   | 01
 010   | 11
 011   | 10
-------------------
WARNING:Xst:1710 - FF/Latch <change_r_1> (without init value) has a constant value of 0 in block <vending_machine_p3>. This FF/Latch will be trimmed during the optimization process.
WARNING:Xst:2404 -  FFs/Latches <change_r<1:1>> (without init value) have a constant value of 0 in block <vending_machine_p3>.

=========================================================================
Advanced HDL Synthesis Report

Macro Statistics
# FSMs                                                 : 1
# Registers                                            : 2
 Flip-Flops                                            : 2

=========================================================================

=========================================================================
*                         Low Level Synthesis                           *
=========================================================================

Optimizing unit <vending_machine_p3> ...

Mapping all equations...
Building and optimizing final netlist ...
Found area constraint ratio of 100 (+ 5) on block vending_machine_p3, actual ratio is 0.

Final Macro Processing ...

=========================================================================
Final Register Report

Macro Statistics
# Registers                                            : 4
 Flip-Flops                                            : 4

=========================================================================

=========================================================================
*                           Partition Report                            *
=========================================================================

Partition Implementation Status
-------------------------------

  No Partitions were found in this design.

-------------------------------

=========================================================================
*                            Final Report                               *
=========================================================================
Final Results
RTL Top Level Output File Name     : vending_machine_p3.ngr
Top Level Output File Name         : vending_machine_p3
Output Format                      : NGC
Optimization Goal                  : Speed
Keep Hierarchy                     : No

Design Statistics
# IOs                              : 7

Cell Usage :
# BELS                             : 6
#      GND                         : 1
#      INV                         : 1
#      LUT4                        : 4
# FlipFlops/Latches                : 4
#      FDC                         : 4
# Clock Buffers                    : 1
#      BUFGP                       : 1
# IO Buffers                       : 6
#      IBUF                        : 3
#      OBUF                        : 3
=========================================================================

Device utilization summary:
---------------------------

Selected Device : xa3s50vqg100-4 

 Number of Slices:                        3  out of    768     0%  
 Number of Slice Flip Flops:              4  out of   1536     0%  
 Number of 4 input LUTs:                  5  out of   1536     0%  
 Number of IOs:                           7
 Number of bonded IOBs:                   7  out of     63    11%  
 Number of GCLKs:                         1  out of      8    12%  

---------------------------
Partition Resource Summary:
---------------------------

  No Partitions were found in this design.

---------------------------


=========================================================================
TIMING REPORT

NOTE: THESE TIMING NUMBERS ARE ONLY A SYNTHESIS ESTIMATE.
      FOR ACCURATE TIMING INFORMATION PLEASE REFER TO THE TRACE REPORT
      GENERATED AFTER PLACE-and-ROUTE.

Clock Information:
------------------
-----------------------------------+------------------------+-------+
Clock Signal                       | Clock buffer(FF name)  | Load  |
-----------------------------------+------------------------+-------+
clk                                | BUFGP                  | 4     |
-----------------------------------+------------------------+-------+

Asynchronous Control Signals Information:
----------------------------------------
-----------------------------------+------------------------+-------+
Control Signal                     | Buffer(FF name)        | Load  |
-----------------------------------+------------------------+-------+
rstn_inv(rstn_inv1_INV_0:O)        | NONE(change_r)         | 4     |
-----------------------------------+------------------------+-------+

Timing Summary:
---------------
Speed Grade: -4

   Minimum period: 2.459ns (Maximum Frequency: 406.669MHz)
   Minimum input arrival time before clock: 2.831ns
   Maximum output required time after clock: 7.165ns
   Maximum combinational path delay: No path found

Timing Detail:
--------------
All values displayed in nanoseconds (ns)

=========================================================================
Timing constraint: Default period analysis for Clock 'clk'
  Clock period: 2.459ns (frequency: 406.669MHz)
  Total number of paths / destination ports: 8 / 4
-------------------------------------------------------------------------
Delay:               2.459ns (Levels of Logic = 1)
  Source:            st_cur_FSM_FFd1 (FF)
  Destination:       change_r (FF)
  Source Clock:      clk rising
  Destination Clock: clk rising

  Data Path: st_cur_FSM_FFd1 to change_r
                                Gate     Net
    Cell:in->out      fanout   Delay   Delay  Logical Name (Net Name)
    ----------------------------------------  ------------
     FDC:C->Q              4   0.720   0.985  st_cur_FSM_FFd1 (st_cur_FSM_FFd1)
     LUT4:I2->O            1   0.551   0.000  st_cur_FSM_FFd2-In1 (st_cur_FSM_FFd2-In)
     FDC:D                     0.203          st_cur_FSM_FFd2
    ----------------------------------------
    Total                      2.459ns (1.474ns logic, 0.985ns route)
                                       (59.9% logic, 40.1% route)

=========================================================================
Timing constraint: Default OFFSET IN BEFORE for Clock 'clk'
  Total number of paths / destination ports: 8 / 4
-------------------------------------------------------------------------
Offset:              2.831ns (Levels of Logic = 2)
  Source:            coin<1> (PAD)
  Destination:       change_r (FF)
  Destination Clock: clk rising

  Data Path: coin<1> to change_r
                                Gate     Net
    Cell:in->out      fanout   Delay   Delay  Logical Name (Net Name)
    ----------------------------------------  ------------
     IBUF:I->O             4   0.821   1.256  coin_1_IBUF (coin_1_IBUF)
     LUT4:I0->O            1   0.551   0.000  change_r_and00021 (change_r_and0002)
     FDC:D                     0.203          change_r
    ----------------------------------------
    Total                      2.831ns (1.575ns logic, 1.256ns route)
                                       (55.6% logic, 44.4% route)

=========================================================================
Timing constraint: Default OFFSET OUT AFTER for Clock 'clk'
  Total number of paths / destination ports: 2 / 2
-------------------------------------------------------------------------
Offset:              7.165ns (Levels of Logic = 1)
  Source:            sell_r (FF)
  Destination:       sell (PAD)
  Source Clock:      clk rising

  Data Path: sell_r to sell
                                Gate     Net
    Cell:in->out      fanout   Delay   Delay  Logical Name (Net Name)
    ----------------------------------------  ------------
     FDC:C->Q              1   0.720   0.801  sell_r (sell_r)
     OBUF:I->O                 5.644          sell_OBUF (sell)
    ----------------------------------------
    Total                      7.165ns (6.364ns logic, 0.801ns route)
                                       (88.8% logic, 11.2% route)

=========================================================================


Total REAL time to Xst completion: 2.00 secs
Total CPU time to Xst completion: 2.60 secs
 
--> 

Total memory usage is 252756 kilobytes

Number of errors   :    0 (   0 filtered)
Number of warnings :    2 (   0 filtered)
Number of infos    :    0 (   0 filtered)

