Command line:
   ParityCheck_isim_beh.exe
     -simmode  gui
     -simrunnum  0
     -socket  7263

Wed Oct 20 21:09:05 2021


 Elaboration Time: 0.3125 sec

 Current Memory Usage: 5646.07 Meg

 Total Signals          : 15
 Total Nets             : 22
 Total Signal Drivers   : 6
 Total Blocks           : 2
 Total Primitive Blocks : 2
 Total Processes        : 7
 Total Traceable Variables  : 18
 Total Scalar Nets and Variables : 102
Total Line Count : 15

 Total Simulation Time: 0.34375 sec

 Current Memory Usage: 5646.07 Meg

Wed Oct 20 21:09:12 2021

