#! /c/Source/iverilog-install/bin/vvp
:ivl_version "12.0 (devel)" "(s20150603-1110-g18392a46)";
:ivl_delay_selection "TYPICAL";
:vpi_time_precision - 12;
:vpi_module "E:\vscodeSystem\iverilog\lib\ivl\system.vpi";
:vpi_module "E:\vscodeSystem\iverilog\lib\ivl\vhdl_sys.vpi";
:vpi_module "E:\vscodeSystem\iverilog\lib\ivl\vhdl_textio.vpi";
:vpi_module "E:\vscodeSystem\iverilog\lib\ivl\v2005_math.vpi";
:vpi_module "E:\vscodeSystem\iverilog\lib\ivl\va_math.vpi";
S_000001a7bbcabdb0 .scope module, "interleaver" "interleaver" 2 3;
 .timescale -9 -12;
    .port_info 0 /INPUT 1 "clk2";
    .port_info 1 /INPUT 1 "rst_n";
    .port_info 2 /INPUT 1 "din";
    .port_info 3 /INPUT 1 "din_valid";
    .port_info 4 /OUTPUT 1 "dout";
    .port_info 5 /OUTPUT 1 "dout_valid";
P_000001a7bbce7f90 .param/l "SIZE" 0 2 12, +C4<00000000000000000000000000001000>;
o000001a7bbcfdfd8 .functor BUFZ 1, C4<z>; HiZ drive
v000001a7bbcabf40_0 .net "clk2", 0 0, o000001a7bbcfdfd8;  0 drivers
o000001a7bbcfe008 .functor BUFZ 1, C4<z>; HiZ drive
v000001a7bbcc2ba0_0 .net "din", 0 0, o000001a7bbcfe008;  0 drivers
o000001a7bbcfe038 .functor BUFZ 1, C4<z>; HiZ drive
v000001a7bbcc28d0_0 .net "din_valid", 0 0, o000001a7bbcfe038;  0 drivers
v000001a7bbcaa190_0 .var "dout", 0 0;
v000001a7bbcf4e50_0 .var "dout_valid", 0 0;
v000001a7bbcf4ef0_0 .var "in_col", 0 3;
v000001a7bbcf4f90_0 .var "in_row", 0 3;
v000001a7bbcf5030_0 .var "out_col", 0 3;
v000001a7bbcf50d0_0 .var "out_row", 0 3;
o000001a7bbcfe188 .functor BUFZ 1, C4<z>; HiZ drive
v000001a7bbcf5170_0 .net "rst_n", 0 0, o000001a7bbcfe188;  0 drivers
v000001a7bbcf5210 .array "temp", 127 0, 0 0;
v000001a7bbcf52b0_0 .var "temp_num", 0 0;
E_000001a7bbce7990/0 .event negedge, v000001a7bbcf5170_0;
E_000001a7bbce7990/1 .event posedge, v000001a7bbcabf40_0;
E_000001a7bbce7990 .event/or E_000001a7bbce7990/0, E_000001a7bbce7990/1;
    .scope S_000001a7bbcabdb0;
T_0 ;
    %wait E_000001a7bbce7990;
    %load/vec4 v000001a7bbcf5170_0;
    %nor/r;
    %flag_set/vec4 8;
    %jmp/0xz  T_0.0, 8;
    %pushi/vec4 0, 0, 1;
    %store/vec4 v000001a7bbcf52b0_0, 0, 1;
    %pushi/vec4 0, 0, 4;
    %assign/vec4 v000001a7bbcf4f90_0, 0;
    %pushi/vec4 0, 0, 4;
    %assign/vec4 v000001a7bbcf4ef0_0, 0;
    %pushi/vec4 0, 0, 4;
    %assign/vec4 v000001a7bbcf50d0_0, 0;
    %pushi/vec4 0, 0, 4;
    %assign/vec4 v000001a7bbcf5030_0, 0;
    %pushi/vec4 0, 0, 1;
    %assign/vec4 v000001a7bbcaa190_0, 0;
    %pushi/vec4 0, 0, 1;
    %assign/vec4 v000001a7bbcf4e50_0, 0;
    %jmp T_0.1;
T_0.0 ;
    %load/vec4 v000001a7bbcf4e50_0;
    %flag_set/vec4 8;
    %jmp/0xz  T_0.2, 8;
    %load/vec4 v000001a7bbcf50d0_0;
    %pad/u 32;
    %cmpi/e 7, 0, 32;
    %jmp/0xz  T_0.4, 4;
    %load/vec4 v000001a7bbcf5030_0;
    %pad/u 32;
    %cmpi/e 7, 0, 32;
    %jmp/0xz  T_0.6, 4;
    %load/vec4 v000001a7bbcf50d0_0;
    %pad/u 10;
    %pad/u 14;
    %muli 16, 0, 14;
    %pad/u 15;
    %load/vec4 v000001a7bbcf5030_0;
    %pad/u 7;
    %pad/u 8;
    %muli 2, 0, 8;
    %pad/u 15;
    %add;
    %pad/u 16;
    %load/vec4 v000001a7bbcf52b0_0;
    %pad/u 3;
    %pad/u 16;
    %add;
    %ix/vec4 4;
    %load/vec4a v000001a7bbcf5210, 4;
    %assign/vec4 v000001a7bbcaa190_0, 0;
    %pushi/vec4 8, 0, 4;
    %assign/vec4 v000001a7bbcf50d0_0, 0;
    %pushi/vec4 0, 0, 1;
    %assign/vec4 v000001a7bbcf4e50_0, 0;
    %jmp T_0.7;
T_0.6 ;
    %load/vec4 v000001a7bbcf5030_0;
    %addi 1, 0, 4;
    %assign/vec4 v000001a7bbcf5030_0, 0;
    %pushi/vec4 0, 0, 4;
    %assign/vec4 v000001a7bbcf50d0_0, 0;
    %load/vec4 v000001a7bbcf50d0_0;
    %pad/u 10;
    %pad/u 14;
    %muli 16, 0, 14;
    %pad/u 15;
    %load/vec4 v000001a7bbcf5030_0;
    %pad/u 7;
    %pad/u 8;
    %muli 2, 0, 8;
    %pad/u 15;
    %add;
    %pad/u 16;
    %load/vec4 v000001a7bbcf52b0_0;
    %pad/u 3;
    %pad/u 16;
    %add;
    %ix/vec4 4;
    %load/vec4a v000001a7bbcf5210, 4;
    %assign/vec4 v000001a7bbcaa190_0, 0;
T_0.7 ;
    %jmp T_0.5;
T_0.4 ;
    %load/vec4 v000001a7bbcf50d0_0;
    %addi 1, 0, 4;
    %assign/vec4 v000001a7bbcf50d0_0, 0;
    %load/vec4 v000001a7bbcf50d0_0;
    %pad/u 10;
    %pad/u 14;
    %muli 16, 0, 14;
    %pad/u 15;
    %load/vec4 v000001a7bbcf5030_0;
    %pad/u 7;
    %pad/u 8;
    %muli 2, 0, 8;
    %pad/u 15;
    %add;
    %pad/u 16;
    %load/vec4 v000001a7bbcf52b0_0;
    %pad/u 3;
    %pad/u 16;
    %add;
    %ix/vec4 4;
    %load/vec4a v000001a7bbcf5210, 4;
    %assign/vec4 v000001a7bbcaa190_0, 0;
T_0.5 ;
T_0.2 ;
    %load/vec4 v000001a7bbcc28d0_0;
    %flag_set/vec4 8;
    %jmp/0xz  T_0.8, 8;
    %load/vec4 v000001a7bbcf4ef0_0;
    %pad/u 32;
    %cmpi/e 7, 0, 32;
    %jmp/0xz  T_0.10, 4;
    %load/vec4 v000001a7bbcf4ef0_0;
    %pad/u 32;
    %cmpi/e 7, 0, 32;
    %jmp/0xz  T_0.12, 4;
    %load/vec4 v000001a7bbcc2ba0_0;
    %load/vec4 v000001a7bbcf4f90_0;
    %pad/u 10;
    %pad/u 14;
    %muli 16, 0, 14;
    %pad/u 15;
    %load/vec4 v000001a7bbcf4ef0_0;
    %pad/u 7;
    %pad/u 8;
    %muli 2, 0, 8;
    %pad/u 15;
    %add;
    %pad/u 16;
    %load/vec4 v000001a7bbcf52b0_0;
    %pad/u 3;
    %pad/u 16;
    %add;
    %ix/vec4 3;
    %ix/load 4, 0, 0; Constant delay
    %assign/vec4/a/d v000001a7bbcf5210, 0, 4;
    %pushi/vec4 1, 0, 1;
    %assign/vec4 v000001a7bbcf4e50_0, 0;
    %pushi/vec4 0, 0, 1;
    %assign/vec4 v000001a7bbcf52b0_0, 0;
    %jmp T_0.13;
T_0.12 ;
    %load/vec4 v000001a7bbcf4f90_0;
    %addi 1, 0, 4;
    %assign/vec4 v000001a7bbcf4f90_0, 0;
    %pushi/vec4 0, 0, 4;
    %assign/vec4 v000001a7bbcf4ef0_0, 0;
    %load/vec4 v000001a7bbcc2ba0_0;
    %load/vec4 v000001a7bbcf4f90_0;
    %pad/u 10;
    %pad/u 14;
    %muli 16, 0, 14;
    %pad/u 15;
    %load/vec4 v000001a7bbcf4ef0_0;
    %pad/u 7;
    %pad/u 8;
    %muli 2, 0, 8;
    %pad/u 15;
    %add;
    %pad/u 16;
    %load/vec4 v000001a7bbcf52b0_0;
    %pad/u 3;
    %pad/u 16;
    %add;
    %ix/vec4 3;
    %ix/load 4, 0, 0; Constant delay
    %assign/vec4/a/d v000001a7bbcf5210, 0, 4;
T_0.13 ;
    %jmp T_0.11;
T_0.10 ;
    %load/vec4 v000001a7bbcf4ef0_0;
    %addi 1, 0, 4;
    %assign/vec4 v000001a7bbcf4ef0_0, 0;
    %load/vec4 v000001a7bbcc2ba0_0;
    %load/vec4 v000001a7bbcf4f90_0;
    %pad/u 10;
    %pad/u 14;
    %muli 16, 0, 14;
    %pad/u 15;
    %load/vec4 v000001a7bbcf4ef0_0;
    %pad/u 7;
    %pad/u 8;
    %muli 2, 0, 8;
    %pad/u 15;
    %add;
    %pad/u 16;
    %load/vec4 v000001a7bbcf52b0_0;
    %pad/u 3;
    %pad/u 16;
    %add;
    %ix/vec4 3;
    %ix/load 4, 0, 0; Constant delay
    %assign/vec4/a/d v000001a7bbcf5210, 0, 4;
T_0.11 ;
T_0.8 ;
T_0.1 ;
    %jmp T_0;
    .thread T_0;
# The file index is used to find the file name in the following table.
:file_names 3;
    "N/A";
    "<interactive>";
    "interleaver.v";
